C:\Users\Administrator\Documents\GitHub\Lives2D_Tools\maxProject1\maxProject1\obj\cl.command.1.tlog
C:\Users\Administrator\Documents\GitHub\Lives2D_Tools\maxProject1\maxProject1\obj\CL.read.1.tlog
C:\Users\Administrator\Documents\GitHub\Lives2D_Tools\maxProject1\maxProject1\obj\CL.write.1.tlog
C:\USERS\ADMINISTRATOR\DOCUMENTS\GITHUB\LIVES2D_TOOLS\MAXPROJECT1\MAXPROJECT1\OBJ\DLLENTRY.OBJ
C:\Users\Administrator\Documents\GitHub\Lives2D_Tools\maxProject1\maxProject1\obj\link.2484.read.1.tlog
C:\Users\Administrator\Documents\GitHub\Lives2D_Tools\maxProject1\maxProject1\obj\link.2484.write.1.tlog
C:\Users\Administrator\Documents\GitHub\Lives2D_Tools\maxProject1\maxProject1\obj\link.2484-cvtres.read.1.tlog
C:\Users\Administrator\Documents\GitHub\Lives2D_Tools\maxProject1\maxProject1\obj\link.2484-cvtres.write.1.tlog
C:\Users\Administrator\Documents\GitHub\Lives2D_Tools\maxProject1\maxProject1\obj\link.command.1.tlog
C:\Users\Administrator\Documents\GitHub\Lives2D_Tools\maxProject1\maxProject1\obj\link.read.1.tlog
C:\Users\Administrator\Documents\GitHub\Lives2D_Tools\maxProject1\maxProject1\obj\link.write.1.tlog
C:\Users\Administrator\Documents\GitHub\Lives2D_Tools\maxProject1\maxProject1\obj\link-cvtres.read.1.tlog
C:\Users\Administrator\Documents\GitHub\Lives2D_Tools\maxProject1\maxProject1\obj\link-cvtres.write.1.tlog
C:\Users\Administrator\Documents\GitHub\Lives2D_Tools\maxProject1\maxProject1\obj\maxProject1.exp
C:\Users\Administrator\Documents\GitHub\Lives2D_Tools\maxProject1\maxProject1\obj\maxProject1.lib
C:\USERS\ADMINISTRATOR\DOCUMENTS\GITHUB\LIVES2D_TOOLS\MAXPROJECT1\MAXPROJECT1\OBJ\MAXPROJECT1.OBJ
C:\USERS\ADMINISTRATOR\DOCUMENTS\GITHUB\LIVES2D_TOOLS\MAXPROJECT1\MAXPROJECT1\OBJ\MAXPROJECT1.RES
C:\Users\Administrator\Documents\GitHub\Lives2D_Tools\maxProject1\maxProject1\obj\maxProject1.write.1.tlog
C:\USERS\ADMINISTRATOR\DOCUMENTS\GITHUB\LIVES2D_TOOLS\MAXPROJECT1\MAXPROJECT1\OBJ\MESHENUMPROC.OBJ
C:\Users\Administrator\Documents\GitHub\Lives2D_Tools\maxProject1\maxProject1\obj\rc.command.1.tlog
C:\Users\Administrator\Documents\GitHub\Lives2D_Tools\maxProject1\maxProject1\obj\rc.read.1.tlog
C:\Users\Administrator\Documents\GitHub\Lives2D_Tools\maxProject1\maxProject1\obj\rc.write.1.tlog
C:\USERS\ADMINISTRATOR\DOCUMENTS\GITHUB\LIVES2D_TOOLS\MAXPROJECT1\MAXPROJECT1\OBJ\VC100.PDB
D:\Program Files\Autodesk\3ds Max 2014\\plugins\maxProject1.dle
D:\Program Files\Autodesk\3ds Max 2014\\plugins\maxProject1.ilk
