生成启动时间为 2018/4/16 18:56:52。
     1>项目“G:\Github\Lives2D_Tools\maxProject1\maxProject1\maxProject1.vcxproj”在节点 2 上(build 个目标)。
     1>C:\Program Files (x86)\MSBuild\Microsoft.Cpp\v4.0\Microsoft.CppBuild.targets(298,5): warning MSB8004: Intermediate 目录未以斜杠结尾。此生成实例将添加斜杠，因为必须有这个斜杠才能正确计算 Intermediate 目录。
     1>C:\Program Files (x86)\MSBuild\Microsoft.Cpp\v4.0\Microsoft.CppBuild.targets(299,5): warning MSB8004: Output 目录未以斜杠结尾。此生成实例将添加斜杠，因为必须有这个斜杠才能正确计算 Output 目录。
     1>C:\Windows\Microsoft.NET\Framework\v4.0.30319\Microsoft.Common.Targets(1605,5): warning MSB3101: 未能写入状态文件“G:\Github\\3dswin\obj\x64\Debug\maxProject1\maxProject1.vcxprojResolveAssemblyReference.cache”。未能找到路径“G:\Github\3dswin\obj\x64\Debug\maxProject1\maxProject1.vcxprojResolveAssemblyReference.cache”的一部分。
     1>InitializeBuildStatus:
         正在创建“.\obj\maxProject1.unsuccessfulbuild”，因为已指定“AlwaysCreate”。
       ClCompile:
         所有输出均为最新。
       ResourceCompile:
         所有输出均为最新。
       Link:
         所有输出均为最新。
         maxProject1.vcxproj -> G:\Program Files\Autodesk\3ds Max 2014\\plugins\maxProject1.dle
       PostBuildEvent:
         "G:\Github\Lives2D_Tools\3ds Max 2014 SDK\maxsdk\tools\RunMUIRCT.exe" "G:\Program Files\Autodesk\3ds Max 2014\plugins\\" maxProject1.dle
         :VCEnd
         ==== RunMUIRCT: Start ====
         RunMUIRCT: WARNING - Could not find version info in file: G:\Program Files\Autodesk\3ds Max 2014\plugins\maxProject1.dle
         RunMUIRCT: G:\Program Files\Autodesk\3ds Max 2014\plugins\maxProject1.dle was previously processed
         ==== RunMUIRCT: Successs ====
       FinalizeBuildStatus:
         正在删除文件“.\obj\maxProject1.unsuccessfulbuild”。
         正在对“.\obj\maxProject1.lastbuildstate”执行 Touch 任务。
     1>已完成生成项目“G:\Github\Lives2D_Tools\maxProject1\maxProject1\maxProject1.vcxproj”(build 个目标)的操作。

生成成功。

已用时间 00:00:00.46
